<?xml version="1.0" encoding="UTF-8"?>
<!-- Generated by org.testng.reporters.JUnitXMLReporter -->
<testsuite ignored="0" hostname="DESKTOP-CAUNBGB" failures="1" tests="1" name="Test" time="11.23" errors="0" timestamp="2023-08-24T13:40:37 IST">
  <testcase classname="testCases.TC_05AdvSearch" name="searchproduct" time="1.864">
    <failure type="java.lang.NullPointerException" message="Cannot invoke &amp;quot;String.equals(Object)&amp;quot; because the return value of &amp;quot;org.openqa.selenium.WebElement.getAttribute(String)&amp;quot; is null">
      <![CDATA[java.lang.NullPointerException: Cannot invoke "String.equals(Object)" because the return value of "org.openqa.selenium.WebElement.getAttribute(String)" is null
at pageObject.SearchPage.isproductexists(SearchPage.java:31)
at testCases.TC_05AdvSearch.searchproduct(TC_05AdvSearch.java:16)
at java.base/java.util.ArrayList.forEach(ArrayList.java:1511)
... Removed 27 stack frames]]>
    </failure>
  </testcase> <!-- searchproduct -->
</testsuite> <!-- Test -->
